[2026-02-20 21:47:25] [WATCHDOG] JARVIS Watchdog online. Monitoring port 8000.
[2026-02-20 22:11:01] [WATCHDOG] Port 8000 is down. Initiating emergency restart sequence, Sir.
[2026-02-20 22:11:02] [WATCHDOG] Mainframe restarted. PID=5752.
[2026-02-20 22:11:02] [WATCHDOG] Apologies, Sir. The mainframe encountered a minor hiccup but I have recalibrated the arrays.
[2026-02-20 22:11:32] [WATCHDOG] Port 8000 is down. Initiating emergency restart sequence, Sir.
[2026-02-20 22:11:33] [WATCHDOG] Mainframe restarted. PID=16256.
[2026-02-20 22:11:33] [WATCHDOG] Apologies, Sir. The mainframe encountered a minor hiccup but I have recalibrated the arrays.
[2026-02-20 22:12:03] [WATCHDOG] Port 8000 is down. Initiating emergency restart sequence, Sir.
[2026-02-20 22:12:04] [WATCHDOG] Mainframe restarted. PID=37124.
[2026-02-20 22:12:04] [WATCHDOG] Apologies, Sir. The mainframe encountered a minor hiccup but I have recalibrated the arrays.
[2026-02-20 22:12:34] [WATCHDOG] Port 8000 is down. Initiating emergency restart sequence, Sir.
[2026-02-20 22:12:35] [WATCHDOG] Mainframe restarted. PID=1832.
[2026-02-20 22:12:35] [WATCHDOG] Apologies, Sir. The mainframe encountered a minor hiccup but I have recalibrated the arrays.
[2026-02-20 22:13:45] [WATCHDOG] Server process (PID 1832) exited. Restarting.
[2026-02-20 22:13:45] [WATCHDOG] Terminated zombie PID 35424 (python.exe) on port 8000.
[2026-02-20 22:13:46] [WATCHDOG] Mainframe restarted. PID=36484.
[2026-02-20 22:13:46] [WATCHDOG] Apologies, Sir. The mainframe encountered a minor hiccup but I have recalibrated the arrays.
[2026-02-20 22:14:26] [WATCHDOG] Server process (PID 36484) exited. Restarting.
[2026-02-20 22:14:26] [WATCHDOG] Terminated zombie PID 24888 (python.exe) on port 8000.
[2026-02-20 22:14:27] [WATCHDOG] Mainframe restarted. PID=24372.
[2026-02-20 22:14:27] [WATCHDOG] Apologies, Sir. The mainframe encountered a minor hiccup but I have recalibrated the arrays.
[2026-02-20 22:14:57] [WATCHDOG] Port 8000 is down. Initiating emergency restart sequence, Sir.
[2026-02-20 22:14:58] [WATCHDOG] Mainframe restarted. PID=37276.
[2026-02-20 22:14:58] [WATCHDOG] Apologies, Sir. The mainframe encountered a minor hiccup but I have recalibrated the arrays.
[2026-02-20 22:15:48] [WATCHDOG] Server process (PID 37276) exited. Restarting.
[2026-02-20 22:15:48] [WATCHDOG] Terminated zombie PID 36576 (python.exe) on port 8000.
[2026-02-20 22:15:49] [WATCHDOG] Mainframe restarted. PID=32896.
[2026-02-20 22:15:49] [WATCHDOG] Apologies, Sir. The mainframe encountered a minor hiccup but I have recalibrated the arrays.
[2026-02-20 22:16:19] [WATCHDOG] Port 8000 is down. Initiating emergency restart sequence, Sir.
[2026-02-20 22:16:20] [WATCHDOG] Mainframe restarted. PID=17396.
[2026-02-20 22:16:20] [WATCHDOG] Apologies, Sir. The mainframe encountered a minor hiccup but I have recalibrated the arrays.
[2026-02-20 22:16:50] [WATCHDOG] Port 8000 is down. Initiating emergency restart sequence, Sir.
[2026-02-20 22:16:51] [WATCHDOG] Mainframe restarted. PID=14036.
[2026-02-20 22:16:51] [WATCHDOG] Apologies, Sir. The mainframe encountered a minor hiccup but I have recalibrated the arrays.
[2026-02-20 22:17:21] [WATCHDOG] Port 8000 is down. Initiating emergency restart sequence, Sir.
[2026-02-20 22:17:22] [WATCHDOG] Mainframe restarted. PID=22708.
[2026-02-20 22:17:22] [WATCHDOG] Apologies, Sir. The mainframe encountered a minor hiccup but I have recalibrated the arrays.
[2026-02-20 22:17:52] [WATCHDOG] Port 8000 is down. Initiating emergency restart sequence, Sir.
[2026-02-20 22:17:53] [WATCHDOG] Mainframe restarted. PID=32528.
[2026-02-20 22:17:53] [WATCHDOG] Apologies, Sir. The mainframe encountered a minor hiccup but I have recalibrated the arrays.
[2026-02-20 22:19:04] [WATCHDOG] Server process (PID 32528) exited. Restarting.
[2026-02-20 22:19:04] [WATCHDOG] Terminated zombie PID 10824 (python.exe) on port 8000.
[2026-02-20 22:19:05] [WATCHDOG] Mainframe restarted. PID=7148.
[2026-02-20 22:19:05] [WATCHDOG] Apologies, Sir. The mainframe encountered a minor hiccup but I have recalibrated the arrays.
[2026-02-20 22:19:35] [WATCHDOG] Port 8000 is down. Initiating emergency restart sequence, Sir.
[2026-02-20 22:19:36] [WATCHDOG] Mainframe restarted. PID=37600.
[2026-02-20 22:19:36] [WATCHDOG] Apologies, Sir. The mainframe encountered a minor hiccup but I have recalibrated the arrays.
[2026-02-20 22:20:26] [WATCHDOG] Server process (PID 37600) exited. Restarting.
[2026-02-20 22:20:26] [WATCHDOG] Terminated zombie PID 34448 (python.exe) on port 8000.
[2026-02-20 22:20:27] [WATCHDOG] Mainframe restarted. PID=29836.
[2026-02-20 22:20:27] [WATCHDOG] Apologies, Sir. The mainframe encountered a minor hiccup but I have recalibrated the arrays.
[2026-02-20 22:21:17] [WATCHDOG] Server process (PID 29836) exited. Restarting.
[2026-02-20 22:21:17] [WATCHDOG] Terminated zombie PID 26672 (python.exe) on port 8000.
[2026-02-20 22:21:17] [WATCHDOG] Terminated zombie PID 26672 (python.exe) on port 8000.
[2026-02-20 22:21:18] [WATCHDOG] Mainframe restarted. PID=21152.
[2026-02-20 22:21:18] [WATCHDOG] Apologies, Sir. The mainframe encountered a minor hiccup but I have recalibrated the arrays.
[2026-02-20 22:21:48] [WATCHDOG] Port 8000 is down. Initiating emergency restart sequence, Sir.
[2026-02-20 22:21:49] [WATCHDOG] Mainframe restarted. PID=29576.
[2026-02-20 22:21:49] [WATCHDOG] Apologies, Sir. The mainframe encountered a minor hiccup but I have recalibrated the arrays.
[2026-02-20 22:22:39] [WATCHDOG] Server process (PID 29576) exited. Restarting.
[2026-02-20 22:22:39] [WATCHDOG] Terminated zombie PID 33892 (python.exe) on port 8000.
[2026-02-20 22:22:40] [WATCHDOG] Mainframe restarted. PID=26588.
[2026-02-20 22:22:40] [WATCHDOG] Apologies, Sir. The mainframe encountered a minor hiccup but I have recalibrated the arrays.
[2026-02-20 22:23:10] [WATCHDOG] Port 8000 is down. Initiating emergency restart sequence, Sir.
[2026-02-20 22:23:11] [WATCHDOG] Mainframe restarted. PID=19316.
[2026-02-20 22:23:11] [WATCHDOG] Apologies, Sir. The mainframe encountered a minor hiccup but I have recalibrated the arrays.
[2026-02-20 22:24:01] [WATCHDOG] Server process (PID 19316) exited. Restarting.
[2026-02-20 22:24:01] [WATCHDOG] Terminated zombie PID 34952 (python.exe) on port 8000.
[2026-02-20 22:24:02] [WATCHDOG] Mainframe restarted. PID=21544.
[2026-02-20 22:24:02] [WATCHDOG] Apologies, Sir. The mainframe encountered a minor hiccup but I have recalibrated the arrays.
[2026-02-20 22:24:32] [WATCHDOG] Port 8000 is down. Initiating emergency restart sequence, Sir.
[2026-02-20 22:24:33] [WATCHDOG] Mainframe restarted. PID=36764.
[2026-02-20 22:24:33] [WATCHDOG] Apologies, Sir. The mainframe encountered a minor hiccup but I have recalibrated the arrays.
[2026-02-20 22:25:33] [WATCHDOG] Server process (PID 36764) exited. Restarting.
[2026-02-20 22:25:33] [WATCHDOG] Terminated zombie PID 2184 (python.exe) on port 8000.
[2026-02-20 22:25:34] [WATCHDOG] Mainframe restarted. PID=37768.
[2026-02-20 22:25:34] [WATCHDOG] Apologies, Sir. The mainframe encountered a minor hiccup but I have recalibrated the arrays.
[2026-02-20 22:34:05] [WATCHDOG] Port 8000 is down. Initiating emergency restart sequence, Sir.
[2026-02-20 22:34:07] [WATCHDOG] Mainframe restarted. PID=25344.
[2026-02-20 22:34:07] [WATCHDOG] Apologies, Sir. The mainframe encountered a minor hiccup but I have recalibrated the arrays.
[2026-02-20 22:34:37] [WATCHDOG] Port 8000 is down. Initiating emergency restart sequence, Sir.
[2026-02-20 22:34:38] [WATCHDOG] Mainframe restarted. PID=34360.
[2026-02-20 22:34:38] [WATCHDOG] Apologies, Sir. The mainframe encountered a minor hiccup but I have recalibrated the arrays.
[2026-02-20 22:35:08] [WATCHDOG] Port 8000 is down. Initiating emergency restart sequence, Sir.
[2026-02-20 22:35:09] [WATCHDOG] Mainframe restarted. PID=1468.
[2026-02-20 22:35:09] [WATCHDOG] Apologies, Sir. The mainframe encountered a minor hiccup but I have recalibrated the arrays.
[2026-02-20 22:37:19] [WATCHDOG] Server process (PID 1468) exited. Restarting.
[2026-02-20 22:37:19] [WATCHDOG] Terminated zombie PID 35884 (python.exe) on port 8000.
[2026-02-20 22:37:20] [WATCHDOG] Mainframe restarted. PID=33548.
[2026-02-20 22:37:20] [WATCHDOG] Apologies, Sir. The mainframe encountered a minor hiccup but I have recalibrated the arrays.
[2026-02-20 22:37:50] [WATCHDOG] Port 8000 is down. Initiating emergency restart sequence, Sir.
[2026-02-20 22:37:51] [WATCHDOG] Mainframe restarted. PID=34956.
[2026-02-20 22:37:51] [WATCHDOG] Apologies, Sir. The mainframe encountered a minor hiccup but I have recalibrated the arrays.
[2026-02-20 22:38:21] [WATCHDOG] Port 8000 is down. Initiating emergency restart sequence, Sir.
[2026-02-20 22:38:22] [WATCHDOG] Mainframe restarted. PID=30544.
[2026-02-20 22:38:22] [WATCHDOG] Apologies, Sir. The mainframe encountered a minor hiccup but I have recalibrated the arrays.
[2026-02-20 22:38:52] [WATCHDOG] Port 8000 is down. Initiating emergency restart sequence, Sir.
[2026-02-20 22:38:53] [WATCHDOG] Mainframe restarted. PID=5292.
[2026-02-20 22:38:53] [WATCHDOG] Apologies, Sir. The mainframe encountered a minor hiccup but I have recalibrated the arrays.
[2026-02-20 22:39:24] [WATCHDOG] Port 8000 is down. Initiating emergency restart sequence, Sir.
[2026-02-20 22:39:25] [WATCHDOG] Mainframe restarted. PID=2960.
[2026-02-20 22:39:25] [WATCHDOG] Apologies, Sir. The mainframe encountered a minor hiccup but I have recalibrated the arrays.
[2026-02-20 22:39:55] [WATCHDOG] Port 8000 is down. Initiating emergency restart sequence, Sir.
[2026-02-20 22:39:56] [WATCHDOG] Mainframe restarted. PID=37112.
[2026-02-20 22:39:56] [WATCHDOG] Apologies, Sir. The mainframe encountered a minor hiccup but I have recalibrated the arrays.
[2026-02-20 22:42:16] [WATCHDOG] Server process (PID 37112) exited. Restarting.
[2026-02-20 22:42:16] [WATCHDOG] Terminated zombie PID 33900 (python.exe) on port 8000.
[2026-02-20 22:42:17] [WATCHDOG] Mainframe restarted. PID=32868.
[2026-02-20 22:42:17] [WATCHDOG] Apologies, Sir. The mainframe encountered a minor hiccup but I have recalibrated the arrays.
[2026-02-20 22:42:47] [WATCHDOG] Port 8000 is down. Initiating emergency restart sequence, Sir.
[2026-02-20 22:42:48] [WATCHDOG] Mainframe restarted. PID=34288.
[2026-02-20 22:42:48] [WATCHDOG] Apologies, Sir. The mainframe encountered a minor hiccup but I have recalibrated the arrays.
[2026-02-20 22:43:48] [WATCHDOG] Server process (PID 34288) exited. Restarting.
[2026-02-20 22:43:48] [WATCHDOG] Terminated zombie PID 19260 (python.exe) on port 8000.
[2026-02-20 22:43:49] [WATCHDOG] Mainframe restarted. PID=30252.
[2026-02-20 22:43:49] [WATCHDOG] Apologies, Sir. The mainframe encountered a minor hiccup but I have recalibrated the arrays.
[2026-02-20 22:44:19] [WATCHDOG] Port 8000 is down. Initiating emergency restart sequence, Sir.
[2026-02-20 22:44:20] [WATCHDOG] Mainframe restarted. PID=32212.
[2026-02-20 22:44:20] [WATCHDOG] Apologies, Sir. The mainframe encountered a minor hiccup but I have recalibrated the arrays.
[2026-02-20 22:44:50] [WATCHDOG] Port 8000 is down. Initiating emergency restart sequence, Sir.
[2026-02-20 22:44:51] [WATCHDOG] Mainframe restarted. PID=9096.
[2026-02-20 22:44:51] [WATCHDOG] Apologies, Sir. The mainframe encountered a minor hiccup but I have recalibrated the arrays.
[2026-02-20 22:46:42] [WATCHDOG] Server process (PID 9096) exited. Restarting.
[2026-02-20 22:46:42] [WATCHDOG] Terminated zombie PID 20196 (python.exe) on port 8000.
[2026-02-20 22:46:43] [WATCHDOG] Mainframe restarted. PID=29752.
[2026-02-20 22:46:43] [WATCHDOG] Apologies, Sir. The mainframe encountered a minor hiccup but I have recalibrated the arrays.
[2026-02-20 22:51:52] [WATCHDOG] JARVIS Watchdog online. Monitoring port 8000.
[2026-02-20 22:52:48] [WATCHDOG] JARVIS Watchdog online. Monitoring port 8000.
